<?xml version="1.0" encoding="UTF-8"?>
<!--
    Document   : test-config.xml
    Description:
        This is a minimal configuration file useful to run the test cases. 

    NOTE: 
       this software is released under GPL License.
       See the LICENSE of this distribution for more informations.
	
       @author Marco Casavecchia Morganti (marcolinuz) [marcolinuz-at-gmail.com]
       @version $Id$ 
-->
<test>
    <!-- Elements to test the loading of the configuration parameters -->
    <global>
        <version>Test</version>
        <defaultEncoding>UTF-8</defaultEncoding>
        <byteBufferImplementation writerClass="m.c.m.proxyma.buffers.SmartBuffer"
                                  threadSafeReaderClass="m.c.m.proxyma.buffers.SmartBufferReader"/>
        <showProxyFoldersOnRootPath>true</showProxyFoldersOnRootPath>
        <logging>
            <level>INFO</level>
            <directoryPath>/tmp/</directoryPath>
            <maxLinesPerFile>500000</maxLinesPerFile>
            <retentionPolicy>5</retentionPolicy>
        </logging>
    </global>
    <singleParameter>single</singleParameter>
    <loadAttribute value="attribute"/>
    <aggregation>
        <multivalue name="name0">value0</multivalue>
        <multivalue name="name1">value1</multivalue>
        <multivalue name="name2">value2</multivalue>
    </aggregation>

    <!-- Element to test the instantiation of a new proxy folder by ProxymaFacace -->
    <defaultContext>
        <folderSettings maxPostSize="5000" enabled="true" >
            <preprocessors>
                <resourceHandler/>
            </preprocessors>
            <cacheProvider class="m.c.m.proxyma.plugins.caches.NullCacheProvider" />
            <retriver class="m.c.m.proxyma.plugins.retrivers.TestPageRetriver"/>
            <transformers>
                <resourceHandler class="m.c.m.proxyma.plugins.transformers.HtmlUrlRewriter"/>
                <resourceHandler class="m.c.m.proxyma.plugins.transformers.CssUrlRewriter"/>
                <resourceHandler class="m.c.m.proxyma.plugins.transformers.HttpCookiesRevriter"/>
                <resourceHandler class="m.c.m.proxyma.plugins.transformers.HttpRedirectRewriter"/>
            </transformers>
            <serializer class="m.c.m.proxyma.plugins.serializers.SimpleSerializer"/>
        </folderSettings>
    </defaultContext>

    <!-- elements to test the instantiation of a new proxyengine -->
    <plugins>
        <avaliableCacheProviders>
            <cacheProvider class="m.c.m.proxyma.plugins.caches.NullCacheProvider"/>
            <cacheProvider class="m.c.m.proxyma.plugins.caches.EhcacheCacheProvider">
                <diskStore path="java.io.tmpdir"/>
                <defaultCache maxElementsInMemory="10000"
                              eternal="false"
                              timeToIdleSeconds="300"
                              timeToLiveSeconds="1800"
                              overflowToDisk="true"
                              diskPersistent="false"
                              diskExpiryThreadIntervalSeconds="300"
                              memoryStoreEvictionPolicy="LFU"/>
            </cacheProvider>
            <cacheProvider class="m.c.m.proxyma.plugins.caches.UnexistingCacheProvider"/>
            <cacheProvider class="m.c.m.proxyma.plugins.retrivers.TestPageRetriver"/>
        </avaliableCacheProviders>

        <avaliablePreprocessors>
            <resourceHandler class="m.c.m.proxyma.plugins.preprocessors.PerformanceTestPreprocessor"/>
            <resourceHandler class="m.c.m.proxyma.plugins.preprocessors.UnexistingPreprocessor"/>
            <resourceHandler class="m.c.m.proxyma.plugins.caches.NullCacheProvider"/>
        </avaliablePreprocessors>

        <avaliableTransformers>
            <resourceHandler class="m.c.m.proxyma.plugins.transformers.HtmlUrlRewriter"/>
            <resourceHandler class="m.c.m.proxyma.plugins.transformers.UnexistingTransformer"/>
            <resourceHandler class="m.c.m.proxyma.plugins.caches.NullCacheProvider"/>
        </avaliableTransformers>

        <availableSerializers>
            <resourceHandler class="m.c.m.proxyma.plugins.serializers.SimpleSerializer"
                             accessLogsDirectoryPath="/tmp/proxyma" maxLinesPerFile="5000000"
                             filesRetentionPolicy="5"/>
            <resourceHandler class="m.c.m.proxyma.plugins.serializers.UnexistingSerializer"/>
            <resourceHandler class="m.c.m.proxyma.plugins.caches.NullCacheProvider"/>
        </availableSerializers>

        <availableRetrivers>
            <resourceHandler class="m.c.m.proxyma.plugins.retrivers.TestPageRetriver"/>
            <resourceHandler class="m.c.m.proxyma.plugins.retrivers.UnexistingRetriver"/>
            <resourceHandler class="m.c.m.proxyma.plugins.caches.NullCacheProvider"/>
        </availableRetrivers>
    </plugins>
</test>
